[01:37:18] [Server thread/INFO]: Starting minecraft server version 1.8.8
[01:37:18] [Server thread/INFO]: Loading properties
[01:37:18] [Server thread/INFO]: Default game type: SURVIVAL
[01:37:19] [Server thread/INFO]: This server is running CraftBukkit version git-PaperSpigot-445 (MC: 1.8.8) (Implementing API version 1.8.8-R0.1-SNAPSHOT)
[01:37:19] [Server thread/INFO]: Debug logging is disabled
[01:37:19] [Server thread/INFO]: Spigot Timings: true - Verbose: true - Interval: 5m - Length: 60m
[01:37:19] [Server thread/INFO]: Server Ping Player Sample Count: 12

[01:37:19] [Server thread/INFO]: Using 4 threads for Netty based IO
[01:37:19] [Server thread/INFO]: Data value allowed items: 
[01:37:19] [Server thread/WARN]: java.lang.NoSuchFieldException: modifiers

[01:37:19] [Server thread/WARN]: 	at java.base/java.lang.Class.getDeclaredField(Class.java:2782)

[01:37:19] [Server thread/WARN]: 	at org.github.paperspigot.PaperSpigotConfig.stackableBuckets(PaperSpigotConfig.java:192)

[01:37:19] [Server thread/WARN]: 	at java.base/jdk.internal.reflect.DirectMethodHandleAccessor.invoke(DirectMethodHandleAccessor.java:103)

[01:37:19] [Server thread/WARN]: 	at java.base/java.lang.reflect.Method.invoke(Method.java:580)

[01:37:19] [Server thread/WARN]: 	at org.github.paperspigot.PaperSpigotConfig.readConfig(PaperSpigotConfig.java:84)

[01:37:19] [Server thread/WARN]: 	at org.github.paperspigot.PaperSpigotConfig.init(PaperSpigotConfig.java:62)

[01:37:19] [Server thread/WARN]: 	at net.minecraft.server.v1_8_R3.DedicatedServer.init(DedicatedServer.java:181)

[01:37:19] [Server thread/WARN]: 	at net.minecraft.server.v1_8_R3.MinecraftServer.run(MinecraftServer.java:563)

[01:37:19] [Server thread/WARN]: 	at java.base/java.lang.Thread.run(Thread.java:1583)

[01:37:19] [Server thread/INFO]: Generating keypair
[01:37:19] [Server thread/INFO]: Starting Minecraft server on localhost:25565
[01:37:19] [Server thread/INFO]: Your platform does not provide complete low-level API for accessing direct buffers reliably. Unless explicitly requested, heap buffer will always be preferred to avoid potential system unstability.
[01:37:19] [Server thread/INFO]: Using default channel type
[01:37:19] [Server thread/INFO]: Set PluginClassLoader as parallel capable
[01:37:19] [Server thread/INFO]: [SimpleTpa] Loading SimpleTpa v6.4
[01:37:19] [Server thread/INFO]: [SimpleHomes] Loading SimpleHomes v2.2
[01:37:19] [Server thread/INFO]: [WorldEdit] Loading WorldEdit v6.1;no_git_id
[01:37:19] [Server thread/INFO]: [LoginSecurity] Loading LoginSecurity v3.2.0
[01:37:19] [Server thread/WARN]: **** SERVER IS RUNNING IN OFFLINE/INSECURE MODE!
[01:37:19] [Server thread/WARN]: The server will make no attempt to authenticate usernames. Beware.
[01:37:19] [Server thread/WARN]: Whilst this makes it possible to use BungeeCord, unless access to your server is properly restricted, it also opens up the ability for hackers to connect with any username they choose.
[01:37:19] [Server thread/WARN]: Please see http://www.spigotmc.org/wiki/firewall-guide/ for further information.
[01:37:19] [Server thread/WARN]: To change this, set "online-mode" to "true" in the server.properties file.
[01:37:19] [Server thread/INFO]: **** Beginning UUID conversion, this may take A LONG time ****
[01:37:19] [Server thread/INFO]: Preparing level "world"
[01:37:19] [Server thread/INFO]: -------- World Settings For [world] --------
[01:37:19] [Server thread/INFO]: Mob Spawn Range: 4
[01:37:19] [Server thread/INFO]: Anti X-Ray: true
[01:37:19] [Server thread/INFO]: 	Engine Mode: 1
[01:37:19] [Server thread/INFO]: 	Hidden Blocks: [14, 15, 16, 21, 48, 49, 54, 56, 73, 74, 82, 129, 130]
[01:37:19] [Server thread/INFO]: 	Replace Blocks: [1, 5]
[01:37:19] [Server thread/INFO]: Nerfing mobs spawned from spawners: false
[01:37:19] [Server thread/INFO]: Cactus Growth Modifier: 100%
[01:37:19] [Server thread/INFO]: Cane Growth Modifier: 100%
[01:37:19] [Server thread/INFO]: Melon Growth Modifier: 100%
[01:37:19] [Server thread/INFO]: Mushroom Growth Modifier: 100%
[01:37:19] [Server thread/INFO]: Pumpkin Growth Modifier: 100%
[01:37:19] [Server thread/INFO]: Sapling Growth Modifier: 100%
[01:37:19] [Server thread/INFO]: Wheat Growth Modifier: 100%
[01:37:19] [Server thread/INFO]: NetherWart Growth Modifier: 100%
[01:37:19] [Server thread/INFO]: Entity Activation Range: An 32 / Mo 32 / Mi 16
[01:37:19] [Server thread/INFO]: Entity Tracking Range: Pl 48 / An 48 / Mo 48 / Mi 32 / Other 64
[01:37:19] [Server thread/INFO]: Hopper Transfer: 8 Hopper Check: 8 Hopper Amount: 1
[01:37:19] [Server thread/INFO]: Random Lighting Updates: false
[01:37:19] [Server thread/INFO]: Structure Info Saving: true
[01:37:19] [Server thread/INFO]: Sending up to 10 chunks per packet
[01:37:19] [Server thread/INFO]: Max Entity Collisions: 8
[01:37:19] [Server thread/INFO]: Custom Map Seeds:  Village: 10387312 Feature: 14357617
[01:37:19] [Server thread/INFO]: Max TNT Explosions: 100
[01:37:19] [Server thread/INFO]: Tile Max Tick Time: 50ms Entity max Tick Time: 50ms
[01:37:19] [Server thread/INFO]: Item Despawn Rate: 6000
[01:37:19] [Server thread/INFO]: Item Merge Radius: 2.5
[01:37:19] [Server thread/INFO]: Arrow Despawn Rate: 1200
[01:37:19] [Server thread/INFO]: Allow Zombie Pigmen to spawn from portal blocks: true
[01:37:19] [Server thread/INFO]: View Distance: 4
[01:37:19] [Server thread/INFO]: Zombie Aggressive Towards Villager: true
[01:37:19] [Server thread/INFO]: Chunks to Grow per Tick: 650
[01:37:19] [Server thread/INFO]: Clear tick list: false
[01:37:19] [Server thread/INFO]: Experience Merge Radius: 3.0
[01:37:19] [Server thread/INFO]: -------- World Settings For [world] --------
[01:37:19] [Server thread/INFO]: Squids will spawn between Y: 45.0 and Y: 63.0
[01:37:19] [Server thread/INFO]: Max height for cactus growth 3. Max height for reed growth 3
[01:37:19] [Server thread/INFO]: Living Entity Despawn Ranges:  Soft: 32 Hard: 128
[01:37:19] [Server thread/INFO]: Player blocking damage multiplier set to 0.5
[01:37:19] [Server thread/INFO]: Remove invalid mob spawner tile entities: true
[01:37:19] [Server thread/INFO]: Water over lava flow speed: 5
[01:37:19] [Server thread/INFO]: Fix TNT cannons: false
[01:37:19] [Server thread/INFO]: Allow undead horse types to be leashed: false
[01:37:19] [Server thread/INFO]: Keep spawn chunk loaded: true
[01:37:19] [Server thread/INFO]: World async lighting: false
[01:37:19] [Server thread/INFO]: WorldServer TickNextTick cap set at 10000
[01:37:19] [Server thread/INFO]: WorldServer TickNextTickList cap always processes redstone: false
[01:37:19] [Server thread/INFO]: -------- World Settings For [world_nether] --------
[01:37:19] [Server thread/INFO]: Mob Spawn Range: 4
[01:37:19] [Server thread/INFO]: Anti X-Ray: true
[01:37:19] [Server thread/INFO]: 	Engine Mode: 1
[01:37:19] [Server thread/INFO]: 	Hidden Blocks: [14, 15, 16, 21, 48, 49, 54, 56, 73, 74, 82, 129, 130]
[01:37:19] [Server thread/INFO]: 	Replace Blocks: [1, 5]
[01:37:19] [Server thread/INFO]: Nerfing mobs spawned from spawners: false
[01:37:19] [Server thread/INFO]: Cactus Growth Modifier: 100%
[01:37:19] [Server thread/INFO]: Cane Growth Modifier: 100%
[01:37:19] [Server thread/INFO]: Melon Growth Modifier: 100%
[01:37:19] [Server thread/INFO]: Mushroom Growth Modifier: 100%
[01:37:19] [Server thread/INFO]: Pumpkin Growth Modifier: 100%
[01:37:19] [Server thread/INFO]: Sapling Growth Modifier: 100%
[01:37:19] [Server thread/INFO]: Wheat Growth Modifier: 100%
[01:37:19] [Server thread/INFO]: NetherWart Growth Modifier: 100%
[01:37:19] [Server thread/INFO]: Entity Activation Range: An 32 / Mo 32 / Mi 16
[01:37:19] [Server thread/INFO]: Entity Tracking Range: Pl 48 / An 48 / Mo 48 / Mi 32 / Other 64
[01:37:19] [Server thread/INFO]: Hopper Transfer: 8 Hopper Check: 8 Hopper Amount: 1
[01:37:19] [Server thread/INFO]: Random Lighting Updates: false
[01:37:19] [Server thread/INFO]: Structure Info Saving: true
[01:37:19] [Server thread/INFO]: Sending up to 10 chunks per packet
[01:37:19] [Server thread/INFO]: Max Entity Collisions: 8
[01:37:19] [Server thread/INFO]: Custom Map Seeds:  Village: 10387312 Feature: 14357617
[01:37:19] [Server thread/INFO]: Max TNT Explosions: 100
[01:37:19] [Server thread/INFO]: Tile Max Tick Time: 50ms Entity max Tick Time: 50ms
[01:37:19] [Server thread/INFO]: Item Despawn Rate: 6000
[01:37:19] [Server thread/INFO]: Item Merge Radius: 2.5
[01:37:19] [Server thread/INFO]: Arrow Despawn Rate: 1200
[01:37:19] [Server thread/INFO]: Allow Zombie Pigmen to spawn from portal blocks: true
[01:37:19] [Server thread/INFO]: View Distance: 4
[01:37:19] [Server thread/INFO]: Zombie Aggressive Towards Villager: true
[01:37:19] [Server thread/INFO]: Chunks to Grow per Tick: 650
[01:37:19] [Server thread/INFO]: Clear tick list: false
[01:37:19] [Server thread/INFO]: Experience Merge Radius: 3.0
[01:37:19] [Server thread/INFO]: -------- World Settings For [world_nether] --------
[01:37:19] [Server thread/INFO]: Squids will spawn between Y: 45.0 and Y: 63.0
[01:37:19] [Server thread/INFO]: Max height for cactus growth 3. Max height for reed growth 3
[01:37:19] [Server thread/INFO]: Living Entity Despawn Ranges:  Soft: 32 Hard: 128
[01:37:19] [Server thread/INFO]: Player blocking damage multiplier set to 0.5
[01:37:19] [Server thread/INFO]: Remove invalid mob spawner tile entities: true
[01:37:19] [Server thread/INFO]: Water over lava flow speed: 5
[01:37:19] [Server thread/INFO]: Fix TNT cannons: false
[01:37:19] [Server thread/INFO]: Allow undead horse types to be leashed: false
[01:37:19] [Server thread/INFO]: Keep spawn chunk loaded: true
[01:37:19] [Server thread/INFO]: World async lighting: false
[01:37:19] [Server thread/INFO]: WorldServer TickNextTick cap set at 10000
[01:37:19] [Server thread/INFO]: WorldServer TickNextTickList cap always processes redstone: false
[01:37:19] [Server thread/INFO]: -------- World Settings For [world_the_end] --------
[01:37:19] [Server thread/INFO]: Mob Spawn Range: 4
[01:37:19] [Server thread/INFO]: Anti X-Ray: true
[01:37:19] [Server thread/INFO]: 	Engine Mode: 1
[01:37:19] [Server thread/INFO]: 	Hidden Blocks: [14, 15, 16, 21, 48, 49, 54, 56, 73, 74, 82, 129, 130]
[01:37:19] [Server thread/INFO]: 	Replace Blocks: [1, 5]
[01:37:19] [Server thread/INFO]: Nerfing mobs spawned from spawners: false
[01:37:19] [Server thread/INFO]: Cactus Growth Modifier: 100%
[01:37:19] [Server thread/INFO]: Cane Growth Modifier: 100%
[01:37:19] [Server thread/INFO]: Melon Growth Modifier: 100%
[01:37:19] [Server thread/INFO]: Mushroom Growth Modifier: 100%
[01:37:19] [Server thread/INFO]: Pumpkin Growth Modifier: 100%
[01:37:19] [Server thread/INFO]: Sapling Growth Modifier: 100%
[01:37:19] [Server thread/INFO]: Wheat Growth Modifier: 100%
[01:37:19] [Server thread/INFO]: NetherWart Growth Modifier: 100%
[01:37:19] [Server thread/INFO]: Entity Activation Range: An 32 / Mo 32 / Mi 16
[01:37:19] [Server thread/INFO]: Entity Tracking Range: Pl 48 / An 48 / Mo 48 / Mi 32 / Other 64
[01:37:19] [Server thread/INFO]: Hopper Transfer: 8 Hopper Check: 8 Hopper Amount: 1
[01:37:19] [Server thread/INFO]: Random Lighting Updates: false
[01:37:19] [Server thread/INFO]: Structure Info Saving: true
[01:37:19] [Server thread/INFO]: Sending up to 10 chunks per packet
[01:37:19] [Server thread/INFO]: Max Entity Collisions: 8
[01:37:19] [Server thread/INFO]: Custom Map Seeds:  Village: 10387312 Feature: 14357617
[01:37:19] [Server thread/INFO]: Max TNT Explosions: 100
[01:37:19] [Server thread/INFO]: Tile Max Tick Time: 50ms Entity max Tick Time: 50ms
[01:37:19] [Server thread/INFO]: Item Despawn Rate: 6000
[01:37:19] [Server thread/INFO]: Item Merge Radius: 2.5
[01:37:19] [Server thread/INFO]: Arrow Despawn Rate: 1200
[01:37:19] [Server thread/INFO]: Allow Zombie Pigmen to spawn from portal blocks: true
[01:37:19] [Server thread/INFO]: View Distance: 4
[01:37:19] [Server thread/INFO]: Zombie Aggressive Towards Villager: true
[01:37:19] [Server thread/INFO]: Chunks to Grow per Tick: 650
[01:37:19] [Server thread/INFO]: Clear tick list: false
[01:37:19] [Server thread/INFO]: Experience Merge Radius: 3.0
[01:37:19] [Server thread/INFO]: -------- World Settings For [world_the_end] --------
[01:37:19] [Server thread/INFO]: Squids will spawn between Y: 45.0 and Y: 63.0
[01:37:19] [Server thread/INFO]: Max height for cactus growth 3. Max height for reed growth 3
[01:37:19] [Server thread/INFO]: Living Entity Despawn Ranges:  Soft: 32 Hard: 128
[01:37:19] [Server thread/INFO]: Player blocking damage multiplier set to 0.5
[01:37:19] [Server thread/INFO]: Remove invalid mob spawner tile entities: true
[01:37:19] [Server thread/INFO]: Water over lava flow speed: 5
[01:37:19] [Server thread/INFO]: Fix TNT cannons: false
[01:37:19] [Server thread/INFO]: Allow undead horse types to be leashed: false
[01:37:19] [Server thread/INFO]: Keep spawn chunk loaded: true
[01:37:19] [Server thread/INFO]: World async lighting: false
[01:37:19] [Server thread/INFO]: WorldServer TickNextTick cap set at 10000
[01:37:19] [Server thread/INFO]: WorldServer TickNextTickList cap always processes redstone: false
[01:37:19] [Server thread/INFO]: Preparing start region for level 0 (Seed: 369195563623866256)
[01:37:20] [Server thread/INFO]: Preparing start region for level 1 (Seed: 7142347610934979401)
[01:37:21] [Server thread/INFO]: Preparing start region for level 2 (Seed: 7142347610934979401)
[01:37:21] [Server thread/INFO]: [SimpleTpa] Enabling SimpleTpa v6.4
[01:37:21] [Server thread/INFO]: [0;33;1m[21m[SimpleTpa] If you need support contact me at https://discord.gg/SZUkza9[m

[01:37:21] [Server thread/INFO]: [0;33;1m[21m[SimpleTpa] Simple Tpa has been enabled on version 6.4[m

[01:37:21] [Server thread/INFO]: Enabled metrics. You may opt-out by changing plugins/bStats/config.yml
[01:37:21] [Server thread/INFO]: [SimpleHomes] Enabling SimpleHomes v2.2
[01:37:21] [Server thread/INFO]: [WorldEdit] Enabling WorldEdit v6.1;no_git_id
[01:37:21] [Server thread/INFO]: WEPIF: Using the Bukkit Permissions API.
[01:37:21] [Server thread/INFO]: [WorldEdit] Using com.sk89q.worldedit.bukkit.adapter.impl.Spigot_v1_8_R3 as the Bukkit adapter
[01:37:21] [Server thread/INFO]: [LoginSecurity] Enabling LoginSecurity v3.2.0
[01:37:21] [Server thread/INFO]: [LoginSecurity] Loading base translations from "en_us"
[01:37:21] [Server thread/INFO]: [LoginSecurity] Loading specified translations from "en_us"
[01:37:22] [Server thread/INFO]: [LoginSecurity] Registering commands...
[01:37:22] [Server thread/INFO]: [LoginSecurity] Registering listeners...
[01:37:22] [Server thread/INFO]: Server permissions file permissions.yml is empty, ignoring it
[01:37:22] [Server thread/INFO]: Done (2.684s)! For help, type "help" or "?"
[01:37:22] [Server thread/INFO]: Timings Reset
[01:37:22] [Craft Scheduler Thread - 0/INFO]: [0;31;1m[21m[SimpleTpa] There is a new update available.[m

[01:37:22] [Craft Scheduler Thread - 0/INFO]: [0;31;1m[SimpleTpa] There is a new update available:[m

[01:37:22] [Craft Scheduler Thread - 0/INFO]: [0;31;1m[SimpleTpa] https://www.spigotmc.org/resources/simple-tpa.64270/[m

[01:37:29] [Thread-7/INFO]: UUID of player thorduck69420 is 7143ccbd-93cf-3830-b650-165315855ade
[01:37:29] [Server thread/INFO]: thorduck69420[/[0:0:0:0:0:0:0:1]:44538] logged in with entity id 283 at ([world]-109.16914676482894, 69.0, -50.11038838852291)
[01:37:59] [Server thread/INFO]: thorduck69420 issued server command: / login bbbbbb
[01:38:00] [Server thread/INFO]: thorduck69420 lost connection: Login timed out!
[01:38:00] [Server thread/INFO]: thorduck69420 left the game.
[01:38:00] [Server thread/WARN]: handleDisconnection() called twice
[01:38:02] [Server thread/INFO]: Opped Penguinrobert
[01:38:10] [Thread-8/INFO]: UUID of player thorduck69420 is 7143ccbd-93cf-3830-b650-165315855ade
[01:38:10] [Server thread/INFO]: thorduck69420[/[0:0:0:0:0:0:0:1]:60922] logged in with entity id 301 at ([world]-109.16914676482894, 69.0, -50.11038838852291)
[01:38:31] [Thread-9/INFO]: UUID of player Penguinrobert is a712e519-7a05-375b-8a16-9e02441f0e70
[01:38:31] [Server thread/INFO]: Penguinrobert[/[0:0:0:0:0:0:0:1]:57052] logged in with entity id 304 at ([world]-111.48189911408264, 68.0, -56.81902367735273)
[01:38:32] [Server thread/INFO]: thorduck69420 issued server command: / login bbbbbb
[01:38:41] [Server thread/INFO]: thorduck69420 lost connection: Login timed out!
[01:38:41] [Server thread/INFO]: thorduck69420 left the game.
[01:38:41] [Server thread/WARN]: handleDisconnection() called twice
[01:38:47] [pool-4-thread-1/WARN]: [LoginSecurity] Updater was in unexpected state, please report on https://github.com/lenis0012/LoginSecurity-2/issues
[01:39:11] [Thread-10/INFO]: UUID of player thorduck69420 is 7143ccbd-93cf-3830-b650-165315855ade
[01:39:11] [Server thread/INFO]: thorduck69420[/[0:0:0:0:0:0:0:1]:53766] logged in with entity id 319 at ([world]-109.16914676482894, 69.0, -50.11038838852291)
[01:39:23] [Server thread/INFO]: thorduck69420 issued server command: / login bbbbbb
[01:39:42] [Server thread/INFO]: thorduck69420 lost connection: Login timed out!
[01:39:42] [Server thread/INFO]: thorduck69420 left the game.
[01:39:42] [Server thread/WARN]: handleDisconnection() called twice
[01:39:53] [Thread-11/INFO]: UUID of player thorduck69420 is 7143ccbd-93cf-3830-b650-165315855ade
[01:39:53] [Server thread/INFO]: thorduck69420[/[0:0:0:0:0:0:0:1]:46014] logged in with entity id 345 at ([world]-109.16914676482894, 69.0, -50.11038838852291)
[01:41:26] [Server thread/INFO]: Penguinrobert issued server command: /settime 6000
[01:41:34] [Server thread/INFO]: Penguinrobert issued server command: /timeset 6000
[01:41:40] [Server thread/INFO]: Penguinrobert issued server command: /set time 6000
[01:41:47] [Server thread/INFO]: Penguinrobert issued server command: /time set 6000
[01:41:47] [Server thread/INFO]: [Penguinrobert: Set the time to 6000]
[01:44:56] [Server thread/INFO]: Penguinrobert issued server command: /clear
[01:44:56] [Server thread/INFO]: [Penguinrobert: Cleared the inventory of Penguinrobert, removing 3 items]
[01:44:59] [Server thread/INFO]: Penguinrobert lost connection: Disconnected
[01:44:59] [Server thread/INFO]: Penguinrobert left the game.
[01:45:05] [Server thread/INFO]: thorduck69420 has just earned the achievement [Getting Wood]
[01:45:54] [Server thread/INFO]: thorduck69420 tried to swim in lava
[01:46:00] [Thread-13/INFO]: UUID of player Penguinrobert is a712e519-7a05-375b-8a16-9e02441f0e70
[01:46:00] [Server thread/INFO]: Penguinrobert[/[0:0:0:0:0:0:0:1]:52230] logged in with entity id 837 at ([world]-111.19973537963693, 69.0, -62.78687417157772)
[01:46:11] [pool-4-thread-2/WARN]: [LoginSecurity] Updater was in unexpected state, please report on https://github.com/lenis0012/LoginSecurity-2/issues
[01:46:37] [Server thread/INFO]: Penguinrobert lost connection: Disconnected
[01:46:37] [Server thread/INFO]: Penguinrobert left the game.
[01:53:04] [Server thread/INFO]: thorduck69420 tried to swim in lava
[02:06:36] [Server thread/INFO]: thorduck69420 lost connection: Disconnected
[02:06:36] [Server thread/INFO]: thorduck69420 left the game.
[02:06:52] [Thread-14/INFO]: UUID of player Penguinrobert is a712e519-7a05-375b-8a16-9e02441f0e70
[02:06:52] [Server thread/INFO]: Penguinrobert[/[0:0:0:0:0:0:0:1]:34794] logged in with entity id 1959 at ([world]-112.64349411761094, 69.0, -59.15701136185081)
[02:07:04] [pool-4-thread-3/WARN]: [LoginSecurity] Updater was in unexpected state, please report on https://github.com/lenis0012/LoginSecurity-2/issues
[02:08:29] [Server thread/INFO]: Penguinrobert lost connection: Disconnected
[02:08:29] [Server thread/INFO]: Penguinrobert left the game.
[02:10:47] [Thread-15/INFO]: UUID of player Penguinrobert is a712e519-7a05-375b-8a16-9e02441f0e70
[02:10:47] [Server thread/INFO]: Penguinrobert[/[0:0:0:0:0:0:0:1]:43962] logged in with entity id 2015 at ([world]-118.4640055836062, 69.0, -53.35581303257736)
[02:11:17] [Server thread/INFO]: Penguinrobert lost connection: Login timed out!
[02:11:18] [Server thread/INFO]: Penguinrobert left the game.
[02:11:18] [Server thread/WARN]: handleDisconnection() called twice
[02:11:22] [Thread-16/INFO]: UUID of player Penguinrobert is a712e519-7a05-375b-8a16-9e02441f0e70
[02:11:22] [Server thread/INFO]: Penguinrobert[/[0:0:0:0:0:0:0:1]:35740] logged in with entity id 2032 at ([world]-118.91169988560767, 70.10442472045722, -53.3506836027925)
[02:11:29] [pool-4-thread-4/WARN]: [LoginSecurity] Updater was in unexpected state, please report on https://github.com/lenis0012/LoginSecurity-2/issues
